Arguments: 
  /usr/local/bin/node /usr/local/bin/yarn add prettier _D

PATH: 
  /opt/homebrew/bin:/opt/homebrew/sbin:/usr/local/bin:/usr/bin:/bin:/usr/sbin:/sbin:/Users/heweicheng/Desktop/lowcode/node_modules/.bin

Yarn version: 
  1.22.11

Node version: 
  16.8.0

Platform: 
  darwin arm64

Trace: 
  Error: http://registry.npm.taobao.org/_D: Not found
      at Request.params.callback [as _callback] (/usr/local/lib/node_modules/yarn/lib/cli.js:66992:18)
      at Request.self.callback (/usr/local/lib/node_modules/yarn/lib/cli.js:140763:22)
      at Request.emit (node:events:394:28)
      at Request.<anonymous> (/usr/local/lib/node_modules/yarn/lib/cli.js:141735:10)
      at Request.emit (node:events:394:28)
      at IncomingMessage.<anonymous> (/usr/local/lib/node_modules/yarn/lib/cli.js:141657:12)
      at Object.onceWrapper (node:events:513:28)
      at IncomingMessage.emit (node:events:406:35)
      at endReadableNT (node:internal/streams/readable:1343:12)
      at processTicksAndRejections (node:internal/process/task_queues:83:21)

npm manifest: 
  {
    "name": "lowcode",
    "version": "1.0.0",
    "main": "index.js",
    "repository": "https://hub.fastgit.org/Determination-cheng/lowcode.git",
    "author": "Cheng <1003306162@qq.com>",
    "license": "MIT",
    "dependencies": {
      "rxjs": "^7.4.0",
      "typescript": "^4.4.4"
    },
    "devDependencies": {
      "@types/node": "^16.11.1"
    }
  }

yarn manifest: 
  No manifest

Lockfile: 
  # THIS IS AN AUTOGENERATED FILE. DO NOT EDIT THIS FILE DIRECTLY.
  # yarn lockfile v1
  
  
  "@types/node@^16.11.1":
    version "16.11.1"
    resolved "https://registry.npmmirror.com/@types/node/download/@types/node-16.11.1.tgz?cache=0&sync_timestamp=1634444162512&other_urls=https%3A%2F%2Fregistry.npmmirror.com%2F%40types%2Fnode%2Fdownload%2F%40types%2Fnode-16.11.1.tgz#2e50a649a50fc403433a14f829eface1a3443e97"
    integrity sha1-LlCmSaUPxANDOhT4Ke+s4aNEPpc=
  
  rxjs@^7.4.0:
    version "7.4.0"
    resolved "https://registry.npmmirror.com/rxjs/download/rxjs-7.4.0.tgz#a12a44d7eebf016f5ff2441b87f28c9a51cebc68"
    integrity sha1-oSpE1+6/AW9f8kQbh/KMmlHOvGg=
    dependencies:
      tslib "~2.1.0"
  
  tslib@~2.1.0:
    version "2.1.0"
    resolved "https://registry.nlark.com/tslib/download/tslib-2.1.0.tgz#da60860f1c2ecaa5703ab7d39bc05b6bf988b97a"
    integrity sha1-2mCGDxwuyqVwOrfTm8Bba/mIuXo=
  
  typescript@^4.4.4:
    version "4.4.4"
    resolved "https://registry.npmmirror.com/typescript/download/typescript-4.4.4.tgz?cache=0&sync_timestamp=1634454966535&other_urls=https%3A%2F%2Fregistry.npmmirror.com%2Ftypescript%2Fdownload%2Ftypescript-4.4.4.tgz#2cd01a1a1f160704d3101fd5a58ff0f9fcb8030c"
    integrity sha1-LNAaGh8WBwTTEB/VpY/w+fy4Aww=
